<?xml version="1.0" encoding="UTF-8"?>
<!-- Generated by org.testng.reporters.JUnitReportReporter -->
<testsuite hostname="DESKTOP-9H7EVFR" failures="0" tests="1" name="com.Orange.Hrm.Scripts.Nation" time="6.811" errors="0" timestamp="2020-04-16T17:10:23 EDT" skipped="0">
  <testcase classname="com.Orange.Hrm.Scripts.Nation" name="validateNationality" time="6.811"/>
</testsuite> <!-- com.Orange.Hrm.Scripts.Nation -->
