<?xml version="1.0" encoding="UTF-8"?>
<!-- Generated by org.testng.reporters.JUnitReportReporter -->
<testsuite hostname="DESKTOP-9H7EVFR" failures="0" tests="1" name="com.Orange.Hrm.Scripts.NationTestt" time="18.656" errors="0" timestamp="2020-04-23T19:22:17 EDT" skipped="0">
  <testcase classname="com.Orange.Hrm.Scripts.NationTestt" name="validateNationality" time="18.656"/>
  <system-out/>
</testsuite> <!-- com.Orange.Hrm.Scripts.NationTestt -->
